
Collecting usage statistics. To deactivate, set browser.gatherUsageStats to false.


  You can now view your Streamlit app in your browser.

  URL: http://0.0.0.0:8501

🔍 REASONER - Starting with model: phi3:mini
Error in define_scope: Unknown model: phi3:mini
Traceback (most recent call last):
  File "/app/archon/archon_graph.py", line 95, in define_scope_with_reasoner
    reasoner = PydanticAgent(
  File "/usr/local/lib/python3.10/site-packages/pydantic_ai/agent.py", line 290, in __init__
    self.model = models.infer_model(model)
  File "/usr/local/lib/python3.10/site-packages/pydantic_ai/models/__init__.py", line 607, in infer_model
    raise UserError(f'Unknown model: {model}')  # pragma: no cover
pydantic_ai.exceptions.UserError: Unknown model: phi3:mini
💡 ADVISOR - Starting with model: phi3:mini
Error in advisor: Unknown model: phi3:mini
Traceback (most recent call last):
  File "/app/archon/archon_graph.py", line 134, in advisor_with_examples
    advisor = PydanticAgent(
  File "/usr/local/lib/python3.10/site-packages/pydantic_ai/agent.py", line 290, in __init__
    self.model = models.infer_model(model)
  File "/usr/local/lib/python3.10/site-packages/pydantic_ai/models/__init__.py", line 607, in infer_model
    raise UserError(f'Unknown model: {model}')  # pragma: no cover
pydantic_ai.exceptions.UserError: Unknown model: phi3:mini
⚡ CODER - Starting with model: phi3:mini
Error in coder: 'advisor_output'
Traceback (most recent call last):
  File "/app/archon/archon_graph.py", line 172, in coder_agent
    logger.info(f"⚡ CODER - Advisor output: {str(state['advisor_output'])[:200]}...")
KeyError: 'advisor_output'
